Determining if the Q_WS_WIN exist failed with the following output:
Change Dir: /home/salabeta/robotics_project/supervisor/CMakeFiles/CMakeTmp

Run Build Command:"/usr/bin/make" "cmTC_86491/fast"
/usr/bin/make -f CMakeFiles/cmTC_86491.dir/build.make CMakeFiles/cmTC_86491.dir/build
make[1]: se entra en el directorio '/home/salabeta/robotics_project/supervisor/CMakeFiles/CMakeTmp'
Building CXX object CMakeFiles/cmTC_86491.dir/CheckSymbolExists.cxx.o
/usr/bin/c++    -I/usr/include/qt4   -o CMakeFiles/cmTC_86491.dir/CheckSymbolExists.cxx.o -c /home/salabeta/robotics_project/supervisor/CMakeFiles/CMakeTmp/CheckSymbolExists.cxx
/home/salabeta/robotics_project/supervisor/CMakeFiles/CMakeTmp/CheckSymbolExists.cxx: In function ‘int main(int, char**)’:
/home/salabeta/robotics_project/supervisor/CMakeFiles/CMakeTmp/CheckSymbolExists.cxx:8:19: error: ‘Q_WS_WIN’ was not declared in this scope
   return ((int*)(&Q_WS_WIN))[argc];
                   ^
CMakeFiles/cmTC_86491.dir/build.make:65: fallo en las instrucciones para el objetivo 'CMakeFiles/cmTC_86491.dir/CheckSymbolExists.cxx.o'
make[1]: *** [CMakeFiles/cmTC_86491.dir/CheckSymbolExists.cxx.o] Error 1
make[1]: se sale del directorio '/home/salabeta/robotics_project/supervisor/CMakeFiles/CMakeTmp'
Makefile:126: fallo en las instrucciones para el objetivo 'cmTC_86491/fast'
make: *** [cmTC_86491/fast] Error 2

File /home/salabeta/robotics_project/supervisor/CMakeFiles/CMakeTmp/CheckSymbolExists.cxx:
/* */
#include <QtCore/qglobal.h>

int main(int argc, char** argv)
{
  (void)argv;
#ifndef Q_WS_WIN
  return ((int*)(&Q_WS_WIN))[argc];
#else
  (void)argc;
  return 0;
#endif
}

Determining if the Q_WS_QWS exist failed with the following output:
Change Dir: /home/salabeta/robotics_project/supervisor/CMakeFiles/CMakeTmp

Run Build Command:"/usr/bin/make" "cmTC_a66bc/fast"
/usr/bin/make -f CMakeFiles/cmTC_a66bc.dir/build.make CMakeFiles/cmTC_a66bc.dir/build
make[1]: se entra en el directorio '/home/salabeta/robotics_project/supervisor/CMakeFiles/CMakeTmp'
Building CXX object CMakeFiles/cmTC_a66bc.dir/CheckSymbolExists.cxx.o
/usr/bin/c++    -I/usr/include/qt4   -o CMakeFiles/cmTC_a66bc.dir/CheckSymbolExists.cxx.o -c /home/salabeta/robotics_project/supervisor/CMakeFiles/CMakeTmp/CheckSymbolExists.cxx
/home/salabeta/robotics_project/supervisor/CMakeFiles/CMakeTmp/CheckSymbolExists.cxx: In function ‘int main(int, char**)’:
/home/salabeta/robotics_project/supervisor/CMakeFiles/CMakeTmp/CheckSymbolExists.cxx:8:19: error: ‘Q_WS_QWS’ was not declared in this scope
   return ((int*)(&Q_WS_QWS))[argc];
                   ^
CMakeFiles/cmTC_a66bc.dir/build.make:65: fallo en las instrucciones para el objetivo 'CMakeFiles/cmTC_a66bc.dir/CheckSymbolExists.cxx.o'
make[1]: *** [CMakeFiles/cmTC_a66bc.dir/CheckSymbolExists.cxx.o] Error 1
make[1]: se sale del directorio '/home/salabeta/robotics_project/supervisor/CMakeFiles/CMakeTmp'
Makefile:126: fallo en las instrucciones para el objetivo 'cmTC_a66bc/fast'
make: *** [cmTC_a66bc/fast] Error 2

File /home/salabeta/robotics_project/supervisor/CMakeFiles/CMakeTmp/CheckSymbolExists.cxx:
/* */
#include <QtCore/qglobal.h>

int main(int argc, char** argv)
{
  (void)argv;
#ifndef Q_WS_QWS
  return ((int*)(&Q_WS_QWS))[argc];
#else
  (void)argc;
  return 0;
#endif
}

Determining if the Q_WS_MAC exist failed with the following output:
Change Dir: /home/salabeta/robotics_project/supervisor/CMakeFiles/CMakeTmp

Run Build Command:"/usr/bin/make" "cmTC_13b5a/fast"
/usr/bin/make -f CMakeFiles/cmTC_13b5a.dir/build.make CMakeFiles/cmTC_13b5a.dir/build
make[1]: se entra en el directorio '/home/salabeta/robotics_project/supervisor/CMakeFiles/CMakeTmp'
Building CXX object CMakeFiles/cmTC_13b5a.dir/CheckSymbolExists.cxx.o
/usr/bin/c++    -I/usr/include/qt4   -o CMakeFiles/cmTC_13b5a.dir/CheckSymbolExists.cxx.o -c /home/salabeta/robotics_project/supervisor/CMakeFiles/CMakeTmp/CheckSymbolExists.cxx
/home/salabeta/robotics_project/supervisor/CMakeFiles/CMakeTmp/CheckSymbolExists.cxx: In function ‘int main(int, char**)’:
/home/salabeta/robotics_project/supervisor/CMakeFiles/CMakeTmp/CheckSymbolExists.cxx:8:19: error: ‘Q_WS_MAC’ was not declared in this scope
   return ((int*)(&Q_WS_MAC))[argc];
                   ^
CMakeFiles/cmTC_13b5a.dir/build.make:65: fallo en las instrucciones para el objetivo 'CMakeFiles/cmTC_13b5a.dir/CheckSymbolExists.cxx.o'
make[1]: *** [CMakeFiles/cmTC_13b5a.dir/CheckSymbolExists.cxx.o] Error 1
make[1]: se sale del directorio '/home/salabeta/robotics_project/supervisor/CMakeFiles/CMakeTmp'
Makefile:126: fallo en las instrucciones para el objetivo 'cmTC_13b5a/fast'
make: *** [cmTC_13b5a/fast] Error 2

File /home/salabeta/robotics_project/supervisor/CMakeFiles/CMakeTmp/CheckSymbolExists.cxx:
/* */
#include <QtCore/qglobal.h>

int main(int argc, char** argv)
{
  (void)argv;
#ifndef Q_WS_MAC
  return ((int*)(&Q_WS_MAC))[argc];
#else
  (void)argc;
  return 0;
#endif
}

