Determining if the Q_WS_WIN exist failed with the following output:
Change Dir: /home/hinjeniero/robotics_project/myfirstcomp/CMakeFiles/CMakeTmp

Run Build Command:"/usr/bin/make" "cmTC_eb123/fast"
/usr/bin/make -f CMakeFiles/cmTC_eb123.dir/build.make CMakeFiles/cmTC_eb123.dir/build
make[1]: Entering directory '/home/hinjeniero/robotics_project/myfirstcomp/CMakeFiles/CMakeTmp'
Building CXX object CMakeFiles/cmTC_eb123.dir/CheckSymbolExists.cxx.o
/usr/bin/c++    -I/usr/include/qt4   -o CMakeFiles/cmTC_eb123.dir/CheckSymbolExists.cxx.o -c /home/hinjeniero/robotics_project/myfirstcomp/CMakeFiles/CMakeTmp/CheckSymbolExists.cxx
/home/hinjeniero/robotics_project/myfirstcomp/CMakeFiles/CMakeTmp/CheckSymbolExists.cxx: In function ‘int main(int, char**)’:
/home/hinjeniero/robotics_project/myfirstcomp/CMakeFiles/CMakeTmp/CheckSymbolExists.cxx:8:19: error: ‘Q_WS_WIN’ was not declared in this scope
   return ((int*)(&Q_WS_WIN))[argc];
                   ^
CMakeFiles/cmTC_eb123.dir/build.make:65: recipe for target 'CMakeFiles/cmTC_eb123.dir/CheckSymbolExists.cxx.o' failed
make[1]: *** [CMakeFiles/cmTC_eb123.dir/CheckSymbolExists.cxx.o] Error 1
make[1]: Leaving directory '/home/hinjeniero/robotics_project/myfirstcomp/CMakeFiles/CMakeTmp'
Makefile:126: recipe for target 'cmTC_eb123/fast' failed
make: *** [cmTC_eb123/fast] Error 2

File /home/hinjeniero/robotics_project/myfirstcomp/CMakeFiles/CMakeTmp/CheckSymbolExists.cxx:
/* */
#include <QtCore/qglobal.h>

int main(int argc, char** argv)
{
  (void)argv;
#ifndef Q_WS_WIN
  return ((int*)(&Q_WS_WIN))[argc];
#else
  (void)argc;
  return 0;
#endif
}

Determining if the Q_WS_QWS exist failed with the following output:
Change Dir: /home/hinjeniero/robotics_project/myfirstcomp/CMakeFiles/CMakeTmp

Run Build Command:"/usr/bin/make" "cmTC_3a061/fast"
/usr/bin/make -f CMakeFiles/cmTC_3a061.dir/build.make CMakeFiles/cmTC_3a061.dir/build
make[1]: Entering directory '/home/hinjeniero/robotics_project/myfirstcomp/CMakeFiles/CMakeTmp'
Building CXX object CMakeFiles/cmTC_3a061.dir/CheckSymbolExists.cxx.o
/usr/bin/c++    -I/usr/include/qt4   -o CMakeFiles/cmTC_3a061.dir/CheckSymbolExists.cxx.o -c /home/hinjeniero/robotics_project/myfirstcomp/CMakeFiles/CMakeTmp/CheckSymbolExists.cxx
/home/hinjeniero/robotics_project/myfirstcomp/CMakeFiles/CMakeTmp/CheckSymbolExists.cxx: In function ‘int main(int, char**)’:
/home/hinjeniero/robotics_project/myfirstcomp/CMakeFiles/CMakeTmp/CheckSymbolExists.cxx:8:19: error: ‘Q_WS_QWS’ was not declared in this scope
   return ((int*)(&Q_WS_QWS))[argc];
                   ^
CMakeFiles/cmTC_3a061.dir/build.make:65: recipe for target 'CMakeFiles/cmTC_3a061.dir/CheckSymbolExists.cxx.o' failed
make[1]: *** [CMakeFiles/cmTC_3a061.dir/CheckSymbolExists.cxx.o] Error 1
make[1]: Leaving directory '/home/hinjeniero/robotics_project/myfirstcomp/CMakeFiles/CMakeTmp'
Makefile:126: recipe for target 'cmTC_3a061/fast' failed
make: *** [cmTC_3a061/fast] Error 2

File /home/hinjeniero/robotics_project/myfirstcomp/CMakeFiles/CMakeTmp/CheckSymbolExists.cxx:
/* */
#include <QtCore/qglobal.h>

int main(int argc, char** argv)
{
  (void)argv;
#ifndef Q_WS_QWS
  return ((int*)(&Q_WS_QWS))[argc];
#else
  (void)argc;
  return 0;
#endif
}

Determining if the Q_WS_MAC exist failed with the following output:
Change Dir: /home/hinjeniero/robotics_project/myfirstcomp/CMakeFiles/CMakeTmp

Run Build Command:"/usr/bin/make" "cmTC_80a21/fast"
/usr/bin/make -f CMakeFiles/cmTC_80a21.dir/build.make CMakeFiles/cmTC_80a21.dir/build
make[1]: Entering directory '/home/hinjeniero/robotics_project/myfirstcomp/CMakeFiles/CMakeTmp'
Building CXX object CMakeFiles/cmTC_80a21.dir/CheckSymbolExists.cxx.o
/usr/bin/c++    -I/usr/include/qt4   -o CMakeFiles/cmTC_80a21.dir/CheckSymbolExists.cxx.o -c /home/hinjeniero/robotics_project/myfirstcomp/CMakeFiles/CMakeTmp/CheckSymbolExists.cxx
/home/hinjeniero/robotics_project/myfirstcomp/CMakeFiles/CMakeTmp/CheckSymbolExists.cxx: In function ‘int main(int, char**)’:
/home/hinjeniero/robotics_project/myfirstcomp/CMakeFiles/CMakeTmp/CheckSymbolExists.cxx:8:19: error: ‘Q_WS_MAC’ was not declared in this scope
   return ((int*)(&Q_WS_MAC))[argc];
                   ^
CMakeFiles/cmTC_80a21.dir/build.make:65: recipe for target 'CMakeFiles/cmTC_80a21.dir/CheckSymbolExists.cxx.o' failed
make[1]: *** [CMakeFiles/cmTC_80a21.dir/CheckSymbolExists.cxx.o] Error 1
make[1]: Leaving directory '/home/hinjeniero/robotics_project/myfirstcomp/CMakeFiles/CMakeTmp'
Makefile:126: recipe for target 'cmTC_80a21/fast' failed
make: *** [cmTC_80a21/fast] Error 2

File /home/hinjeniero/robotics_project/myfirstcomp/CMakeFiles/CMakeTmp/CheckSymbolExists.cxx:
/* */
#include <QtCore/qglobal.h>

int main(int argc, char** argv)
{
  (void)argv;
#ifndef Q_WS_MAC
  return ((int*)(&Q_WS_MAC))[argc];
#else
  (void)argc;
  return 0;
#endif
}

